# JRE version: Java(TM) SE Runtime Environment (9.0+11) (build 9.0.4+11)
# Java VM: Java HotSpot(TM) 64-Bit Server VM (9.0.4+11, mixed mode, tiered, compressed oops, g1 gc, windows-amd64)
Heap:
 garbage-first heap   total 276480K, used 133899K [0x0000000700000000, 0x0000000700100870, 0x00000007c0000000)
  region size 1024K, 45 young (46080K), 1 survivors (1024K)
 Metaspace       used 90353K, capacity 96615K, committed 96892K, reserved 1132544K
  class space    used 13032K, capacity 14113K, committed 14204K, reserved 1048576K
GC Heap History (10 events):
Event: 1306.200 GC heap before
{Heap before GC invocations=119 (full 25):
 garbage-first heap   total 276480K, used 155703K [0x0000000700000000, 0x0000000700100870, 0x00000007c0000000)
  region size 1024K, 60 young (61440K), 1 survivors (1024K)
 Metaspace       used 90217K, capacity 96391K, committed 96636K, reserved 1132544K
  class space    used 13021K, capacity 14081K, committed 14204K, reserved 1048576K
}
Event: 1306.202 GC heap after
{Heap after GC invocations=120 (full 25):
 garbage-first heap   total 276480K, used 95294K [0x0000000700000000, 0x0000000700100870, 0x00000007c0000000)
  region size 1024K, 1 young (1024K), 1 survivors (1024K)
 Metaspace       used 90217K, capacity 96391K, committed 96636K, reserved 1132544K
  class space    used 13021K, capacity 14081K, committed 14204K, reserved 1048576K
}
Event: 1307.500 GC heap before
{Heap before GC invocations=120 (full 25):
 garbage-first heap   total 276480K, used 155710K [0x0000000700000000, 0x0000000700100870, 0x00000007c0000000)
  region size 1024K, 60 young (61440K), 1 survivors (1024K)
 Metaspace       used 90250K, capacity 96455K, committed 96636K, reserved 1132544K
  class space    used 13021K, capacity 14081K, committed 14204K, reserved 1048576K
}
Event: 1307.503 GC heap after
{Heap after GC invocations=121 (full 25):
 garbage-first heap   total 276480K, used 95392K [0x0000000700000000, 0x0000000700100870, 0x00000007c0000000)
  region size 1024K, 2 young (2048K), 2 survivors (2048K)
 Metaspace       used 90250K, capacity 96455K, committed 96636K, reserved 1132544K
  class space    used 13021K, capacity 14081K, committed 14204K, reserved 1048576K
}
Event: 1307.676 GC heap before
{Heap before GC invocations=121 (full 25):
 garbage-first heap   total 276480K, used 154784K [0x0000000700000000, 0x0000000700100870, 0x00000007c0000000)
  region size 1024K, 60 young (61440K), 2 survivors (2048K)
 Metaspace       used 90255K, capacity 96455K, committed 96636K, reserved 1132544K
  class space    used 13021K, capacity 14081K, committed 14204K, reserved 1048576K
}
Event: 1307.679 GC heap after
{Heap after GC invocations=122 (full 25):
 garbage-first heap   total 276480K, used 95374K [0x0000000700000000, 0x0000000700100870, 0x00000007c0000000)
  region size 1024K, 2 young (2048K), 2 survivors (2048K)
 Metaspace       used 90255K, capacity 96455K, committed 96636K, reserved 1132544K
  class space    used 13021K, capacity 14081K, committed 14204K, reserved 1048576K
}
Event: 1308.564 GC heap before
{Heap before GC invocations=122 (full 25):
 garbage-first heap   total 276480K, used 105614K [0x0000000700000000, 0x0000000700100870, 0x00000007c0000000)
  region size 1024K, 13 young (13312K), 2 survivors (2048K)
 Metaspace       used 90269K, capacity 96519K, committed 96892K, reserved 1132544K
  class space    used 13021K, capacity 14081K, committed 14204K, reserved 1048576K
}
Event: 1308.774 GC heap after
{Heap after GC invocations=123 (full 26):
 garbage-first heap   total 276480K, used 89480K [0x0000000700000000, 0x0000000700100870, 0x00000007c0000000)
  region size 1024K, 0 young (0K), 0 survivors (0K)
 Metaspace       used 90269K, capacity 96519K, committed 96892K, reserved 1132544K
  class space    used 13021K, capacity 14081K, committed 14204K, reserved 1048576K
}
Event: 1309.470 GC heap before
{Heap before GC invocations=123 (full 26):
 garbage-first heap   total 276480K, used 150920K [0x0000000700000000, 0x0000000700100870, 0x00000007c0000000)
  region size 1024K, 60 young (61440K), 0 survivors (0K)
 Metaspace       used 90298K, capacity 96519K, committed 96892K, reserved 1132544K
  class space    used 13021K, capacity 14081K, committed 14204K, reserved 1048576K
}
Event: 1309.472 GC heap after
{Heap after GC invocations=124 (full 26):
 garbage-first heap   total 276480K, used 89867K [0x0000000700000000, 0x0000000700100870, 0x00000007c0000000)
  region size 1024K, 1 young (1024K), 1 survivors (1024K)
 Metaspace       used 90298K, capacity 96519K, committed 96892K, reserved 1132544K
  class space    used 13021K, capacity 14081K, committed 14204K, reserved 1048576K
}

